This file contains any messages produced by compilers while
running configure, to aid debugging if configure makes a mistake.

It was created by gtk-doc configure 1.18, which was
generated by GNU Autoconf 2.65.  Invocation command line was

  $ ./configure 

## --------- ##
## Platform. ##
## --------- ##

hostname = LAPTOP-T481OM4U
uname -m = x86_64
uname -r = 4.4.0-18362-Microsoft
uname -s = Linux
uname -v = #1049-Microsoft Thu Aug 14 12:01:00 PST 2020

/usr/bin/uname -p = x86_64
/bin/uname -X     = unknown

/bin/arch              = x86_64
/usr/bin/arch -k       = unknown
/usr/convex/getsysinfo = unknown
/usr/bin/hostinfo      = unknown
/bin/machine           = unknown
/usr/bin/oslevel       = unknown
/bin/universe          = unknown

PATH: /usr/local/sbin
PATH: /usr/local/bin
PATH: /usr/sbin
PATH: /usr/bin
PATH: /sbin
PATH: /bin
PATH: /usr/games
PATH: /usr/local/games
PATH: /mnt/c/Program Files/WindowsApps/CanonicalGroupLimited.Ubuntu20.04onWindows_2004.2020.812.0_x64__79rhkp1fndgsc
PATH: /mnt/c/Python39/Scripts/
PATH: /mnt/c/Python39/
PATH: /mnt/c/Program Files (x86)/Common Files/Oracle/Java/javapath
PATH: /mnt/c/Windows/system32
PATH: /mnt/c/Windows
PATH: /mnt/c/Windows/System32/Wbem
PATH: /mnt/c/Windows/System32/WindowsPowerShell/v1.0/
PATH: /mnt/c/Windows/System32/OpenSSH/
PATH: /mnt/c/Program Files/dotnet/
PATH: /mnt/c/Program Files/Microsoft SQL Server/130/Tools/Binn/
PATH: /mnt/c/Program Files/Microsoft SQL Server/Client SDK/ODBC/170/Tools/Binn/
PATH: /mnt/c/Program Files/PuTTY/
PATH: /mnt/c/Path/To/Android Studio/jre/bin
PATH: /mnt/c/Program Files/Java/jdk1.8.0_261/bin
PATH: /mnt/c/Program Files/nodejs/
PATH: /mnt/c/Program Files (x86)/Yarn/bin/
PATH: /mnt/c/ProgramData/chocolatey/bin
PATH: /mnt/c/Program Files/Git/cmd
PATH: /mnt/c/Go/bin
PATH: /mnt/c/Program Files/Redis/
PATH: /mnt/c/Program Files (x86)/ZeroTier/One/
PATH: /mnt/c/Users/neera/AppData/Local/Programs/Python/Python38-32/Scripts/
PATH: /mnt/c/Users/neera/AppData/Local/Programs/Python/Python38-32/
PATH: /mnt/c/Users/neera/AppData/Local/Microsoft/WindowsApps
PATH: /mnt/c/Users/neera/AppData/Local/Programs/Microsoft VS Code/bin
PATH: /mnt/c/Program Files (x86)/GitHub CLI/
PATH: /mnt/c/Users/neera/.dotnet/tools
PATH: /mnt/c/Users/neera/AppData/Roaming/npm
PATH: /mnt/c/Users/neera/AppData/Local/Yarn/bin
PATH: /mnt/c/Program Files/Multipass/bin
PATH: /mnt/c/Users/neera/go/bin
PATH: /mnt/c/Users/neera/AppData/Local/GitHubDesktop/bin
PATH: /mnt/c/Program Files/heroku/bin
PATH: /mnt/c/Users/neera/AppData/Local/Programs/Microsoft VS Code Insiders/bin
PATH: /mnt/c/Users/neera/AppData/Local/atom/bin
PATH: /snap/bin


## ----------- ##
## Core tests. ##
## ----------- ##

configure:2325: checking for a BSD-compatible install
configure:2393: result: /usr/bin/install -c
configure:2404: checking whether build environment is sane
configure:2454: result: yes
configure:2595: checking for a thread-safe mkdir -p
configure:2634: result: /usr/bin/mkdir -p
configure:2647: checking for gawk
configure:2663: found /usr/bin/gawk
configure:2674: result: gawk
configure:2685: checking whether make sets $(MAKE)
configure:2707: result: yes
configure:2782: checking how to create a ustar tar archive
configure:2795: tar --version
tar (GNU tar) 1.30
Copyright (C) 2017 Free Software Foundation, Inc.
License GPLv3+: GNU GPL version 3 or later <https://gnu.org/licenses/gpl.html>.
This is free software: you are free to change and redistribute it.
There is NO WARRANTY, to the extent permitted by law.

Written by John Gilmore and Jay Fenlason.
configure:2798: $? = 0
configure:2838: tardir=conftest.dir && eval tar --format=ustar -chf - "$tardir" >conftest.tar
configure:2841: $? = 0
configure:2845: tar -xf - <conftest.tar
configure:2848: $? = 0
configure:2861: result: gnutar
configure:2869: checking whether to disable maintainer-specific portions of Makefiles
configure:2878: result: yes
configure:2908: checking whether ln -s works
configure:2912: result: yes
configure:2968: checking for pkg-config
configure:2986: found /usr/bin/pkg-config
configure:2998: result: /usr/bin/pkg-config
configure:3023: checking pkg-config is at least version 0.9.0
configure:3026: result: yes
configure:3038: checking gnome-doc-utils >= 0.3.2
configure:3041: $PKG_CONFIG --exists --print-errors "gnome-doc-utils >= $gdu_cv_version_required"
Package gnome-doc-utils was not found in the pkg-config search path.
Perhaps you should add the directory containing `gnome-doc-utils.pc'
to the PKG_CONFIG_PATH environment variable
No package 'gnome-doc-utils' found
configure:3044: $? = 1
configure:3056: result: no
configure:3174: checking for gcc
configure:3190: found /usr/bin/gcc
configure:3201: result: gcc
configure:3430: checking for C compiler version
configure:3439: gcc --version >&5
gcc (Ubuntu 9.3.0-17ubuntu1~20.04) 9.3.0
Copyright (C) 2019 Free Software Foundation, Inc.
This is free software; see the source for copying conditions.  There is NO
warranty; not even for MERCHANTABILITY or FITNESS FOR A PARTICULAR PURPOSE.

configure:3450: $? = 0
configure:3439: gcc -v >&5
Using built-in specs.
COLLECT_GCC=gcc
COLLECT_LTO_WRAPPER=/usr/lib/gcc/x86_64-linux-gnu/9/lto-wrapper
OFFLOAD_TARGET_NAMES=nvptx-none:hsa
OFFLOAD_TARGET_DEFAULT=1
Target: x86_64-linux-gnu
Configured with: ../src/configure -v --with-pkgversion='Ubuntu 9.3.0-17ubuntu1~20.04' --with-bugurl=file:///usr/share/doc/gcc-9/README.Bugs --enable-languages=c,ada,c++,go,brig,d,fortran,objc,obj-c++,gm2 --prefix=/usr --with-gcc-major-version-only --program-suffix=-9 --program-prefix=x86_64-linux-gnu- --enable-shared --enable-linker-build-id --libexecdir=/usr/lib --without-included-gettext --enable-threads=posix --libdir=/usr/lib --enable-nls --enable-clocale=gnu --enable-libstdcxx-debug --enable-libstdcxx-time=yes --with-default-libstdcxx-abi=new --enable-gnu-unique-object --disable-vtable-verify --enable-plugin --enable-default-pie --with-system-zlib --with-target-system-zlib=auto --enable-objc-gc=auto --enable-multiarch --disable-werror --with-arch-32=i686 --with-abi=m64 --with-multilib-list=m32,m64,mx32 --enable-multilib --with-tune=generic --enable-offload-targets=nvptx-none=/build/gcc-9-HskZEa/gcc-9-9.3.0/debian/tmp-nvptx/usr,hsa --without-cuda-driver --enable-checking=release --build=x86_64-linux-gnu --host=x86_64-linux-gnu --target=x86_64-linux-gnu
Thread model: posix
gcc version 9.3.0 (Ubuntu 9.3.0-17ubuntu1~20.04) 
configure:3450: $? = 0
configure:3439: gcc -V >&5
gcc: error: unrecognized command line option '-V'
gcc: fatal error: no input files
compilation terminated.
configure:3450: $? = 1
configure:3439: gcc -qversion >&5
gcc: error: unrecognized command line option '-qversion'; did you mean '--version'?
gcc: fatal error: no input files
compilation terminated.
configure:3450: $? = 1
configure:3470: checking whether the C compiler works
configure:3492: gcc    conftest.c  >&5
configure:3496: $? = 0
configure:3545: result: yes
configure:3548: checking for C compiler default output file name
configure:3550: result: a.out
configure:3556: checking for suffix of executables
configure:3563: gcc -o conftest    conftest.c  >&5
configure:3567: $? = 0
configure:3589: result: 
configure:3611: checking whether we are cross compiling
configure:3619: gcc -o conftest    conftest.c  >&5
configure:3623: $? = 0
configure:3630: ./conftest
configure:3634: $? = 0
configure:3622: result: no
configure:3627: checking for suffix of object files
configure:3649: gcc -c   conftest.c >&5
configure:3653: $? = 0
configure:3674: result: o
configure:3678: checking whether we are using the GNU C compiler
configure:3697: gcc -c   conftest.c >&5
configure:3697: $? = 0
configure:3706: result: yes
configure:3715: checking whether gcc accepts -g
configure:3735: gcc -c -g  conftest.c >&5
configure:3735: $? = 0
configure:3776: result: yes
configure:3793: checking for gcc option to accept ISO C89
configure:3857: gcc  -c -g -O2  conftest.c >&5
configure:3857: $? = 0
configure:3870: result: none needed
configure:3901: checking for style of include used by make
configure:3929: result: GNU
configure:3954: checking dependency style of gcc
configure:4064: result: gcc3
configure:4111: checking build system type
configure:4125: result: x86_64-unknown-linux-gnu
configure:4145: checking host system type
configure:4158: result: x86_64-unknown-linux-gnu
configure:4178: checking for a sed that does not truncate output
configure:4242: result: /usr/bin/sed
configure:4260: checking for grep that handles long lines and -e
configure:4318: result: /usr/bin/grep
configure:4323: checking for egrep
configure:4385: result: /usr/bin/grep -E
configure:4390: checking for fgrep
configure:4452: result: /usr/bin/grep -F
configure:4487: checking for ld used by gcc
configure:4554: result: /usr/bin/ld
configure:4561: checking if the linker (/usr/bin/ld) is GNU ld
configure:4576: result: yes
configure:4588: checking for BSD- or MS-compatible name lister (nm)
configure:4637: result: /usr/bin/nm -B
configure:4755: checking the name lister (/usr/bin/nm -B) interface
configure:4793: gcc -c -g -O2  conftest.c >&5
configure:4796: /usr/bin/nm -B "conftest.o"
configure:4799: output
0000000000000000 B some_variable
configure:4769: result: BSD nm
configure:4773: checking the maximum length of command line arguments
configure:4893: result: 1572864
configure:4910: checking whether the shell understands some XSI constructs
configure:4919: result: yes
configure:4923: checking whether the shell understands "+="
configure:4927: result: yes
configure:4962: checking for /usr/bin/ld option to reload object files
configure:4969: result: -r
configure:5038: checking for objdump
configure:5054: found /usr/bin/objdump
configure:5065: result: objdump
configure:5097: checking how to recognize dependent libraries
configure:5293: result: pass_all
configure:5353: checking for ar
configure:5369: found /usr/bin/ar
configure:5380: result: ar
configure:5458: checking for strip
configure:5474: found /usr/bin/strip
configure:5485: result: strip
configure:5557: checking for ranlib
configure:5573: found /usr/bin/ranlib
configure:5584: result: ranlib
configure:5674: checking command to parse /usr/bin/nm -B output from gcc object
configure:5792: gcc -c -g -O2  conftest.c >&5
configure:5795: $? = 0
configure:5799: /usr/bin/nm -B conftest.o \| sed -n -e 's/^.*[	 ]\([ABCDGIRSTW][ABCDGIRSTW]*\)[	 ][	 ]*\([_A-Za-z][_A-Za-z0-9]*\)$/\1 \2 \2/p' \> conftest.nm
configure:5802: $? = 0
configure:5856: gcc -o conftest -g -O2   conftest.c conftstm.o >&5
configure:5859: $? = 0
configure:5897: result: ok
configure:5993: gcc -c -g -O2  conftest.c >&5
configure:5996: $? = 0
configure:6706: checking how to run the C preprocessor
configure:6737: gcc -E  conftest.c
configure:6737: $? = 0
configure:6751: gcc -E  conftest.c
conftest.c:11:10: fatal error: ac_nonexistent.h: No such file or directory
   11 | #include <ac_nonexistent.h>
      |          ^~~~~~~~~~~~~~~~~~
compilation terminated.
configure:6751: $? = 1
configure: failed program was:
| /* confdefs.h */
| #define PACKAGE_NAME "gtk-doc"
| #define PACKAGE_TARNAME "gtk-doc"
| #define PACKAGE_VERSION "1.18"
| #define PACKAGE_STRING "gtk-doc 1.18"
| #define PACKAGE_BUGREPORT "http://bugzilla.gnome.org/enter_bug.cgi?product=gtk-doc"
| #define PACKAGE_URL ""
| #define PACKAGE "gtk-doc"
| #define VERSION "1.18"
| /* end confdefs.h.  */
| #include <ac_nonexistent.h>
configure:6776: result: gcc -E
configure:6796: gcc -E  conftest.c
configure:6796: $? = 0
configure:6810: gcc -E  conftest.c
conftest.c:11:10: fatal error: ac_nonexistent.h: No such file or directory
   11 | #include <ac_nonexistent.h>
      |          ^~~~~~~~~~~~~~~~~~
compilation terminated.
configure:6810: $? = 1
configure: failed program was:
| /* confdefs.h */
| #define PACKAGE_NAME "gtk-doc"
| #define PACKAGE_TARNAME "gtk-doc"
| #define PACKAGE_VERSION "1.18"
| #define PACKAGE_STRING "gtk-doc 1.18"
| #define PACKAGE_BUGREPORT "http://bugzilla.gnome.org/enter_bug.cgi?product=gtk-doc"
| #define PACKAGE_URL ""
| #define PACKAGE "gtk-doc"
| #define VERSION "1.18"
| /* end confdefs.h.  */
| #include <ac_nonexistent.h>
configure:6839: checking for ANSI C header files
configure:6859: gcc -c -g -O2  conftest.c >&5
configure:6859: $? = 0
configure:6932: gcc -o conftest -g -O2   conftest.c  >&5
configure:6932: $? = 0
configure:6932: ./conftest
configure:6932: $? = 0
configure:6943: result: yes
configure:6956: checking for sys/types.h
configure:6956: gcc -c -g -O2  conftest.c >&5
configure:6956: $? = 0
configure:6956: result: yes
configure:6956: checking for sys/stat.h
configure:6956: gcc -c -g -O2  conftest.c >&5
configure:6956: $? = 0
configure:6956: result: yes
configure:6956: checking for stdlib.h
configure:6956: gcc -c -g -O2  conftest.c >&5
configure:6956: $? = 0
configure:6956: result: yes
configure:6956: checking for string.h
configure:6956: gcc -c -g -O2  conftest.c >&5
configure:6956: $? = 0
configure:6956: result: yes
configure:6956: checking for memory.h
configure:6956: gcc -c -g -O2  conftest.c >&5
configure:6956: $? = 0
configure:6956: result: yes
configure:6956: checking for strings.h
configure:6956: gcc -c -g -O2  conftest.c >&5
configure:6956: $? = 0
configure:6956: result: yes
configure:6956: checking for inttypes.h
configure:6956: gcc -c -g -O2  conftest.c >&5
configure:6956: $? = 0
configure:6956: result: yes
configure:6956: checking for stdint.h
configure:6956: gcc -c -g -O2  conftest.c >&5
configure:6956: $? = 0
configure:6956: result: yes
configure:6956: checking for unistd.h
configure:6956: gcc -c -g -O2  conftest.c >&5
configure:6956: $? = 0
configure:6956: result: yes
configure:6971: checking for dlfcn.h
configure:6971: gcc -c -g -O2  conftest.c >&5
configure:6971: $? = 0
configure:6971: result: yes
configure:7155: checking for objdir
configure:7170: result: .libs
configure:7466: checking if gcc supports -fno-rtti -fno-exceptions
configure:7524: gcc -c -g -O2  -fno-rtti -fno-exceptions conftest.c >&5
cc1: warning: command line option '-fno-rtti' is valid for C++/D/ObjC++ but not for C
configure:7528: $? = 0
configure:7501: result: no
configure:7521: checking for gcc option to produce PIC
configure:7793: result: -fPIC -DPIC
configure:7805: checking if gcc PIC flag -fPIC -DPIC works
configure:7863: gcc -c -g -O2  -fPIC -DPIC -DPIC conftest.c >&5
configure:7867: $? = 0
configure:7840: result: yes
configure:7864: checking if gcc static flag -static works
configure:7892: result: yes
configure:7907: checking if gcc supports -c -o file.o
configure:7968: gcc -c -g -O2  -o out/conftest2.o conftest.c >&5
configure:7972: $? = 0
configure:7954: result: yes
configure:7962: checking if gcc supports -c -o file.o
configure:8009: result: yes
configure:8042: checking whether the gcc linker (/usr/bin/ld -m elf_x86_64) supports shared libraries
configure:9033: result: yes
configure:9070: checking whether -lc should be explicitly linked in
configure:9075: gcc -c -g -O2  conftest.c >&5
configure:9078: $? = 0
configure:9093: gcc -shared conftest.o  -v -Wl,-soname -Wl,conftest -o conftest 2\>\&1 \| /usr/bin/grep  -lc  \>/dev/null 2\>\&1
configure:9096: $? = 0
configure:9108: result: no
configure:9272: checking dynamic linker characteristics
configure:9705: gcc -o conftest -g -O2   -Wl,-rpath -Wl,/foo conftest.c  >&5
configure:9705: $? = 0
configure:9935: result: GNU/Linux ld.so
configure:10037: checking how to hardcode library paths into programs
configure:10062: result: immediate
configure:10582: checking whether stripping libraries is possible
configure:10587: result: yes
configure:10622: checking if libtool supports shared libraries
configure:10624: result: yes
configure:10627: checking whether to build shared libraries
configure:10648: result: yes
configure:10651: checking whether to build static libraries
configure:10655: result: yes
configure:8008: checking for pkg-config
configure:8038: result: /usr/bin/pkg-config
configure:8063: checking pkg-config is at least version 0.19
configure:8066: result: yes
configure:8078: checking for perl
configure:8096: found /usr/bin/perl
configure:8108: result: /usr/bin/perl
configure:8120: checking if Perl version >= 5.6.0
configure:8123: result: yes
configure:8162: checking for a Python interpreter with version >= 2.3
configure:8179: python -c import sys # split strings by '.' and convert to numeric. Append some zeros # because we need at least 4 digits for the hex conversion. # map returns an iterator in Python 3.0 and a list in 2.x minver = list(map(int, '2.3'.split('.'))) + [0, 0, 0] minverhex = 0 # xrange is not present in Python 3.0 and range returns an iterator for i in list(range(0, 4)): minverhex = (minverhex << 8) + minver[i] sys.exit(sys.hexversion < minverhex)
configure:8182: $? = 0
configure:8188: result: python
configure:8196: checking for python
configure:8214: found /usr/bin/python
configure:8226: result: /usr/bin/python
configure:8244: checking for python version
configure:8251: result: 2.7
configure:8263: checking for python platform
configure:8270: result: linux2
configure:8277: checking for python script directory
configure:8306: result: ${prefix}/lib/python2.7/dist-packages
configure:8315: checking for python extension module directory
configure:8344: result: ${exec_prefix}/lib/python2.7/dist-packages
configure:8369: checking for openjade
configure:8387: found /usr/bin/openjade
configure:8399: result: /usr/bin/openjade
configure:8458: checking for xsltproc
configure:8476: found /usr/bin/xsltproc
configure:8488: result: /usr/bin/xsltproc
configure:8502: checking for dblatex
configure:8535: result: no
configure:8543: checking for fop
configure:8561: found /usr/bin/fop
configure:8573: result: /usr/bin/fop
configure:8600: checking for XML catalog (/etc/xml/catalog)
configure:8603: result: found
configure:8614: checking for xmlcatalog
configure:8645: result: no
configure:8664: checking for DocBook XML DTD V4.3 in XML catalog
configure:8675: result: not found
configure:8677: error: could not find DocBook XML DTD V4.3 in XML catalog

## ---------------- ##
## Cache variables. ##
## ---------------- ##

ac_cv_build=x86_64-unknown-linux-gnu
ac_cv_c_compiler_gnu=yes
ac_cv_env_CC_set=
ac_cv_env_CC_value=
ac_cv_env_CFLAGS_set=
ac_cv_env_CFLAGS_value=
ac_cv_env_CPPFLAGS_set=
ac_cv_env_CPPFLAGS_value=
ac_cv_env_CPP_set=
ac_cv_env_CPP_value=
ac_cv_env_LDFLAGS_set=
ac_cv_env_LDFLAGS_value=
ac_cv_env_LIBS_set=
ac_cv_env_LIBS_value=
ac_cv_env_PKG_CONFIG_set=
ac_cv_env_PKG_CONFIG_value=
ac_cv_env_TEST_DEPS_CFLAGS_set=
ac_cv_env_TEST_DEPS_CFLAGS_value=
ac_cv_env_TEST_DEPS_LIBS_set=
ac_cv_env_TEST_DEPS_LIBS_value=
ac_cv_env_build_alias_set=
ac_cv_env_build_alias_value=
ac_cv_env_host_alias_set=
ac_cv_env_host_alias_value=
ac_cv_env_target_alias_set=
ac_cv_env_target_alias_value=
ac_cv_header_dlfcn_h=yes
ac_cv_header_inttypes_h=yes
ac_cv_header_memory_h=yes
ac_cv_header_stdc=yes
ac_cv_header_stdint_h=yes
ac_cv_header_stdlib_h=yes
ac_cv_header_string_h=yes
ac_cv_header_strings_h=yes
ac_cv_header_sys_stat_h=yes
ac_cv_header_sys_types_h=yes
ac_cv_header_unistd_h=yes
ac_cv_host=x86_64-unknown-linux-gnu
ac_cv_objext=o
ac_cv_path_EGREP='/usr/bin/grep -E'
ac_cv_path_FGREP='/usr/bin/grep -F'
ac_cv_path_FOP=/usr/bin/fop
ac_cv_path_GREP=/usr/bin/grep
ac_cv_path_JADE=/usr/bin/openjade
ac_cv_path_PERL=/usr/bin/perl
ac_cv_path_PYTHON=/usr/bin/python
ac_cv_path_SED=/usr/bin/sed
ac_cv_path_XMLCATALOG=no
ac_cv_path_XSLTPROC=/usr/bin/xsltproc
ac_cv_path_ac_pt_PKG_CONFIG=/usr/bin/pkg-config
ac_cv_path_install='/usr/bin/install -c'
ac_cv_path_mkdir=/usr/bin/mkdir
ac_cv_prog_AWK=gawk
ac_cv_prog_CPP='gcc -E'
ac_cv_prog_ac_ct_AR=ar
ac_cv_prog_ac_ct_CC=gcc
ac_cv_prog_ac_ct_OBJDUMP=objdump
ac_cv_prog_ac_ct_RANLIB=ranlib
ac_cv_prog_ac_ct_STRIP=strip
ac_cv_prog_cc_c89=
ac_cv_prog_cc_g=yes
ac_cv_prog_make_make_set=yes
am_cv_CC_dependencies_compiler_type=gcc3
am_cv_pathless_PYTHON=python
am_cv_prog_tar_ustar=gnutar
am_cv_python_platform=linux2
am_cv_python_pyexecdir='${exec_prefix}/lib/python2.7/dist-packages'
am_cv_python_pythondir='${prefix}/lib/python2.7/dist-packages'
am_cv_python_version=2.7
gdu_cv_have_gdu=no
gdu_cv_version_required=0.3.2
lt_cv_deplibs_check_method=pass_all
lt_cv_file_magic_cmd='$MAGIC_CMD'
lt_cv_file_magic_test_file=
lt_cv_ld_reload_flag=-r
lt_cv_nm_interface='BSD nm'
lt_cv_objdir=.libs
lt_cv_path_LD=/usr/bin/ld
lt_cv_path_NM='/usr/bin/nm -B'
lt_cv_prog_compiler_c_o=yes
lt_cv_prog_compiler_pic_works=yes
lt_cv_prog_compiler_rtti_exceptions=no
lt_cv_prog_compiler_static_works=yes
lt_cv_prog_gnu_ld=yes
lt_cv_sys_global_symbol_pipe='sed -n -e '\''s/^.*[	 ]\([ABCDGIRSTW][ABCDGIRSTW]*\)[	 ][	 ]*\([_A-Za-z][_A-Za-z0-9]*\)$/\1 \2 \2/p'\'''
lt_cv_sys_global_symbol_to_c_name_address='sed -n -e '\''s/^: \([^ ]*\) $/  {\"\1\", (void *) 0},/p'\'' -e '\''s/^[ABCDGIRSTW]* \([^ ]*\) \([^ ]*\)$/  {"\2", (void *) \&\2},/p'\'''
lt_cv_sys_global_symbol_to_c_name_address_lib_prefix='sed -n -e '\''s/^: \([^ ]*\) $/  {\"\1\", (void *) 0},/p'\'' -e '\''s/^[ABCDGIRSTW]* \([^ ]*\) \(lib[^ ]*\)$/  {"\2", (void *) \&\2},/p'\'' -e '\''s/^[ABCDGIRSTW]* \([^ ]*\) \([^ ]*\)$/  {"lib\2", (void *) \&\2},/p'\'''
lt_cv_sys_global_symbol_to_cdecl='sed -n -e '\''s/^T .* \(.*\)$/extern int \1();/p'\'' -e '\''s/^[ABCDGIRSTW]* .* \(.*\)$/extern char \1;/p'\'''
lt_cv_sys_max_cmd_len=1572864

## ----------------- ##
## Output variables. ##
## ----------------- ##

ACLOCAL='${SHELL} /root/apt/gtk-doc-1.18/build-aux/missing --run aclocal-1.11'
AMDEPBACKSLASH='\'
AMDEP_FALSE='#'
AMDEP_TRUE=''
AMTAR='${SHELL} /root/apt/gtk-doc-1.18/build-aux/missing --run tar'
AM_BACKSLASH='\'
AM_DEFAULT_VERBOSITY='0'
AR='ar'
AUTOCONF='${SHELL} /root/apt/gtk-doc-1.18/build-aux/missing --run autoconf'
AUTOHEADER='${SHELL} /root/apt/gtk-doc-1.18/build-aux/missing --run autoheader'
AUTOMAKE='${SHELL} /root/apt/gtk-doc-1.18/build-aux/missing --run automake-1.11'
AWK='gawk'
BUILD_TESTS_FALSE=''
BUILD_TESTS_TRUE=''
CC='gcc'
CCDEPMODE='depmode=gcc3'
CFLAGS='-g -O2'
CPP='gcc -E'
CPPFLAGS=''
CYGPATH_W='echo'
DBLATEX=''
DEFS=''
DEPDIR='.deps'
DISTCHECK_CONFIGURE_FLAGS='--disable-scrollkeeper '
DOC_USER_FORMATS=''
DSYMUTIL=''
DUMPBIN=''
ECHO_C=''
ECHO_N='-n'
ECHO_T=''
EGREP='/usr/bin/grep -E'
ENABLE_SK_FALSE=''
ENABLE_SK_TRUE='#'
EXEEXT=''
FGREP='/usr/bin/grep -F'
FOP='/usr/bin/fop'
GREP='/usr/bin/grep'
GTK_DOC_USE_LIBTOOL_FALSE=''
GTK_DOC_USE_LIBTOOL_TRUE=''
HAVE_GNOME_DOC_UTILS_FALSE=''
HAVE_GNOME_DOC_UTILS_TRUE='#'
HAVE_PYTHON_FALSE='#'
HAVE_PYTHON_TRUE=''
HELP_DIR='${datadir}/gnome/help'
HIGHLIGHT=''
HIGHLIGHT_OPTIONS=''
INSTALL_DATA='${INSTALL} -m 644'
INSTALL_PROGRAM='${INSTALL}'
INSTALL_SCRIPT='${INSTALL}'
INSTALL_STRIP_PROGRAM='$(install_sh) -c -s'
JADE='/usr/bin/openjade'
LD='/usr/bin/ld -m elf_x86_64'
LDFLAGS=''
LIBOBJS=''
LIBS=''
LIBTOOL='$(SHELL) $(top_builddir)/libtool'
LIPO=''
LN_S='ln -s'
LTLIBOBJS=''
MAINT=''
MAINTAINER_MODE_FALSE='#'
MAINTAINER_MODE_TRUE=''
MAKEINFO='${SHELL} /root/apt/gtk-doc-1.18/build-aux/missing --run makeinfo'
MKDIR_P='/usr/bin/mkdir -p'
NM='/usr/bin/nm -B'
NMEDIT=''
OBJDUMP='objdump'
OBJEXT='o'
OMF_DIR='${datadir}/omf'
OTOOL64=''
OTOOL=''
PACKAGE='gtk-doc'
PACKAGE_BUGREPORT='http://bugzilla.gnome.org/enter_bug.cgi?product=gtk-doc'
PACKAGE_DATA_DIR=''
PACKAGE_NAME='gtk-doc'
PACKAGE_STRING='gtk-doc 1.18'
PACKAGE_TARNAME='gtk-doc'
PACKAGE_URL=''
PACKAGE_VERSION='1.18'
PATH_SEPARATOR=':'
PERL='/usr/bin/perl'
PKG_CONFIG='/usr/bin/pkg-config'
PYTHON='/usr/bin/python'
PYTHON_EXEC_PREFIX='${exec_prefix}'
PYTHON_PLATFORM='linux2'
PYTHON_PREFIX='${prefix}'
PYTHON_VERSION='2.7'
RANLIB='ranlib'
SED='/usr/bin/sed'
SET_MAKE=''
SGML_FORMAT_TYPE='sgml-raw'
SHELL='/bin/bash'
STRIP='strip'
TEST_DEPS_CFLAGS=''
TEST_DEPS_LIBS=''
TRACE=''
VERSION='1.18'
XMLCATALOG='no'
XML_CATALOG_FILE='/etc/xml/catalog'
XSLTPROC='/usr/bin/xsltproc'
ac_ct_CC='gcc'
ac_ct_DUMPBIN=''
am__EXEEXT_FALSE=''
am__EXEEXT_TRUE=''
am__fastdepCC_FALSE='#'
am__fastdepCC_TRUE=''
am__include='include'
am__isrc=''
am__leading_dot='.'
am__quote=''
am__tar='tar --format=ustar -chf - "$$tardir"'
am__untar='tar -xf -'
bindir='${exec_prefix}/bin'
build='x86_64-unknown-linux-gnu'
build_alias=''
build_cpu='x86_64'
build_os='linux-gnu'
build_vendor='unknown'
datadir='${datarootdir}'
datarootdir='${prefix}/share'
docdir='${datarootdir}/doc/${PACKAGE_TARNAME}'
dvidir='${docdir}'
exec_prefix='NONE'
glib_prefix=''
host='x86_64-unknown-linux-gnu'
host_alias=''
host_cpu='x86_64'
host_os='linux-gnu'
host_vendor='unknown'
htmldir='${docdir}'
includedir='${prefix}/include'
infodir='${datarootdir}/info'
install_sh='${SHELL} /root/apt/gtk-doc-1.18/build-aux/install-sh'
libdir='${exec_prefix}/lib'
libexecdir='${exec_prefix}/libexec'
localedir='${datarootdir}/locale'
localstatedir='${prefix}/var'
lt_ECHO='echo'
mandir='${datarootdir}/man'
mkdir_p='/usr/bin/mkdir -p'
oldincludedir='/usr/include'
pdfdir='${docdir}'
pkgpyexecdir='${pyexecdir}/gtk-doc'
pkgpythondir='${pythondir}/gtk-doc'
prefix='NONE'
program_transform_name='s,x,x,'
psdir='${docdir}'
pyexecdir='${exec_prefix}/lib/python2.7/dist-packages'
pythondir='${prefix}/lib/python2.7/dist-packages'
sbindir='${exec_prefix}/sbin'
sharedstatedir='${prefix}/com'
sysconfdir='${prefix}/etc'
target_alias=''

## ----------- ##
## confdefs.h. ##
## ----------- ##

/* confdefs.h */
#define PACKAGE_NAME "gtk-doc"
#define PACKAGE_TARNAME "gtk-doc"
#define PACKAGE_VERSION "1.18"
#define PACKAGE_STRING "gtk-doc 1.18"
#define PACKAGE_BUGREPORT "http://bugzilla.gnome.org/enter_bug.cgi?product=gtk-doc"
#define PACKAGE_URL ""
#define PACKAGE "gtk-doc"
#define VERSION "1.18"
#define STDC_HEADERS 1
#define HAVE_SYS_TYPES_H 1
#define HAVE_SYS_STAT_H 1
#define HAVE_STDLIB_H 1
#define HAVE_STRING_H 1
#define HAVE_MEMORY_H 1
#define HAVE_STRINGS_H 1
#define HAVE_INTTYPES_H 1
#define HAVE_STDINT_H 1
#define HAVE_UNISTD_H 1
#define HAVE_DLFCN_H 1
#define LT_OBJDIR ".libs/"

configure: exit 1
